#
# A fatal error has been detected by the Java Runtime Environment:
#
#  SIGSEGV (0xb) at pc=0x00002aac6f92a2f3, pid=4666, tid=46920776034048
#
# JRE version: OpenJDK Runtime Environment (7.0_85-b01) (build 1.7.0_85-b01)
# Java VM: OpenJDK 64-Bit Server VM (24.85-b03 mixed mode linux-amd64 compressed oops)
# Derivative: IcedTea 2.6.1
# Distribution: Ubuntu 14.04 LTS, package 7u85-2.6.1-5ubuntu0.14.04.1
# Problematic frame:
# V  [libjvm.so+0x7212f3]  PhaseIdealLoop::has_local_phi_input(Node*)+0x53
#
# Failed to write core dump. Core dumps have been disabled. To enable core dumping, try "ulimit -c unlimited" before starting Java again
#
# If you would like to submit a bug report, please include
# instructions on how to reproduce the bug and visit:
#   http://icedtea.classpath.org/bugzilla
#

---------------  T H R E A D  ---------------

Current thread (0x00002aac74173000):  JavaThread "C2 CompilerThread1" daemon [_thread_in_native, id=4677, stack(0x00002aac98202000,0x00002aac98303000)]

siginfo:si_signo=SIGSEGV: si_errno=0, si_code=1 (SEGV_MAPERR), si_addr=0x000000030000002f

Registers:
RAX=0x00002aaca007cff8, RBX=0x00002aaca007cc58, RCX=0x00002aaca007ccf8, RDX=0x000000000000000a
RSP=0x00002aac982fdf90, RBP=0x00002aac982fdff0, RSI=0x00002aaca007cca8, RDI=0x0000000300000003
R8 =0x0000000000040003, R9 =0x00002aaca007cc58, R10=0x00002aaca007c718, R11=0x00002aaca47770f0
R12=0x0000000000000007, R13=0x00002aaca007cc58, R14=0x00002aac982fe0f0, R15=0x00002aac982fe4a0
RIP=0x00002aac6f92a2f3, EFLAGS=0x0000000000010283, CSGSFS=0x0000000000000033, ERR=0x0000000000000004
  TRAPNO=0x000000000000000e

Top of Stack: (sp=0x00002aac982fdf90)
0x00002aac982fdf90:   00002aac982fe4a0 00002aac982fe0f0
0x00002aac982fdfa0:   00002aac982fe020 00002aac6f92c157
0x00002aac982fdfb0:   00002aaca47770f0 00002aaca007c718
0x00002aac982fdfc0:   00002aac982fe4c0 00002aaca007cc58
0x00002aac982fdfd0:   0000000000000007 00002aac982fe4a0
0x00002aac982fdfe0:   00002aac982fe0f0 00002aaca007c718
0x00002aac982fdff0:   00002aac982fe020 00002aac6f92be95
0x00002aac982fe000:   0000000000000004 00002aac982fe0d0
0x00002aac982fe010:   00002aac982fe4a0 00002aac982fe0f0
0x00002aac982fe020:   00002aac982fe070 00002aac6f92cd17
0x00002aac982fe030:   00002aac00000000 00002aaca4188160
0x00002aac982fe040:   00002aac982fe110 00002aac7401c5e0
0x00002aac982fe050:   00002aac982fe110 00002aac982fe4a0
0x00002aac982fe060:   00002aac982fe0f0 00002aac982fe0d0
0x00002aac982fe070:   00002aac982fe380 00002aac6f928d55
0x00002aac982fe080:   00002aac982fe0d0 010000ac6f96f149
0x00002aac982fe090:   0000000100000007 00002aac982fe4c0
0x00002aac982fe0a0:   00002aac00000000 0000000000128938
0x00002aac982fe0b0:   00002aaca48d97a8 00002aaca48d1810
0x00002aac982fe0c0:   00002aac982fe0d0 00002aaca48d17c0
0x00002aac982fe0d0:   00002aac6ffc4450 00002aac7401c5e0
0x00002aac982fe0e0:   00002aac00000200 00002aaca029cff0
0x00002aac982fe0f0:   00002aaca40a1b80 00002aaca40b2960
0x00002aac982fe100:   00002aaca40a07c0 00002aac7401c5e0
0x00002aac982fe110:   00002aac7401c5e0 00002aac00000800
0x00002aac982fe120:   00002aaca0cb2c80 0000000000000000
0x00002aac982fe130:   00002aac7401c5e0 00002aac00000004
0x00002aac982fe140:   00002aaca4695dc0 00002aac00000000
0x00002aac982fe150:   00002aac982fe1b0 0000000000000100
0x00002aac982fe160:   0000015b0000000c 0000000000000020
0x00002aac982fe170:   0000000000000004 0000007b0000008e
0x00002aac982fe180:   0000000000000000 00002aac982fe1af 

Instructions: (pc=0x00002aac6f92a2f3)
0x00002aac6f92a2d3:   01 00 00 00 48 8d 4e 08 eb 13 0f 1f 00 83 c2 01
0x00002aac6f92a2e3:   48 83 c1 08 44 39 c2 0f 84 10 01 00 00 48 8b 39
0x00002aac6f92a2f3:   0f b7 47 2c 83 e0 0f 66 83 f8 0c 75 e0 48 8b 47
0x00002aac6f92a303:   08 48 8b 7d c8 48 3b 38 75 d3 41 39 d0 0f 86 ea 

Register to memory mapping:

RAX=0x00002aaca007cff8 is an unknown value
RBX=0x00002aaca007cc58 is an unknown value
RCX=0x00002aaca007ccf8 is an unknown value
RDX=0x000000000000000a is an unknown value
RSP=0x00002aac982fdf90 is pointing into the stack for thread: 0x00002aac74173000
RBP=0x00002aac982fdff0 is pointing into the stack for thread: 0x00002aac74173000
RSI=0x00002aaca007cca8 is an unknown value
RDI=0x0000000300000003 is an unknown value
R8 =0x0000000000040003 is an unknown value
R9 =0x00002aaca007cc58 is an unknown value
R10=0x00002aaca007c718 is an unknown value
R11=0x00002aaca47770f0 is an unknown value
R12=0x0000000000000007 is an unknown value
R13=0x00002aaca007cc58 is an unknown value
R14=0x00002aac982fe0f0 is pointing into the stack for thread: 0x00002aac74173000
R15=0x00002aac982fe4a0 is pointing into the stack for thread: 0x00002aac74173000


Stack: [0x00002aac98202000,0x00002aac98303000],  sp=0x00002aac982fdf90,  free space=1007k
Native frames: (J=compiled Java code, j=interpreted, Vv=VM code, C=native code)
V  [libjvm.so+0x7212f3]  PhaseIdealLoop::has_local_phi_input(Node*)+0x53
V  [libjvm.so+0x722e95]  PhaseIdealLoop::split_if_with_blocks_pre(Node*)+0xc5
V  [libjvm.so+0x723d17]  PhaseIdealLoop::split_if_with_blocks(VectorSet&, Node_Stack&)+0xc7
V  [libjvm.so+0x71fd55]  PhaseIdealLoop::build_and_optimize(bool, bool)+0xf75
V  [libjvm.so+0x441de6]  Compile::Optimize()+0xec6
V  [libjvm.so+0x44347d]  Compile::Compile(ciEnv*, C2Compiler*, ciMethod*, int, bool, bool)+0xfcd
V  [libjvm.so+0x3b157a]  C2Compiler::compile_method(ciEnv*, ciMethod*, int)+0xca
V  [libjvm.so+0x449347]  CompileBroker::invoke_compiler_on_method(CompileTask*)+0x327
V  [libjvm.so+0x44a450]  CompileBroker::compiler_thread_loop()+0x3a0
V  [libjvm.so+0x906cb0]  JavaThread::thread_main_inner()+0xf0
V  [libjvm.so+0x906f21]  JavaThread::run()+0x221
V  [libjvm.so+0x7cc7e2]  java_start(Thread*)+0xf2


Current CompileTask:
C2:   6008  634   !         org.jf.baksmali.Adaptors.ClassDefinition::findFieldsSetInStaticConstructor (235 bytes)


---------------  P R O C E S S  ---------------

Java Threads: ( => current thread )
  0x00002aac742cc000 JavaThread "pool-1-thread-4" [_thread_in_Java, id=4683, stack(0x00002aac99f86000,0x00002aac9a087000)]
  0x00002aac742ca800 JavaThread "pool-1-thread-3" [_thread_in_vm, id=4682, stack(0x00002aac99e85000,0x00002aac99f86000)]
  0x00002aac742c9000 JavaThread "pool-1-thread-2" [_thread_blocked, id=4681, stack(0x00002aac99d84000,0x00002aac99e85000)]
  0x00002aac742c8000 JavaThread "pool-1-thread-1" [_thread_blocked, id=4680, stack(0x00002aac99c83000,0x00002aac99d84000)]
  0x00002aac74175000 JavaThread "Service Thread" daemon [_thread_blocked, id=4678, stack(0x00002aac98303000,0x00002aac98404000)]
=>0x00002aac74173000 JavaThread "C2 CompilerThread1" daemon [_thread_in_native, id=4677, stack(0x00002aac98202000,0x00002aac98303000)]
  0x00002aac74170000 JavaThread "C2 CompilerThread0" daemon [_thread_blocked, id=4676, stack(0x00002aac98101000,0x00002aac98202000)]
  0x00002aac7416d800 JavaThread "Signal Dispatcher" daemon [_thread_blocked, id=4675, stack(0x00002aac98000000,0x00002aac98101000)]
  0x00002aac74143000 JavaThread "Finalizer" daemon [_thread_blocked, id=4674, stack(0x00002aac7ba0a000,0x00002aac7bb0b000)]
  0x00002aac74141000 JavaThread "Reference Handler" daemon [_thread_blocked, id=4673, stack(0x00002aac7b909000,0x00002aac7ba0a000)]
  0x00002aac7400a000 JavaThread "main" [_thread_blocked, id=4667, stack(0x00002aac6e41e000,0x00002aac6e51f000)]

Other Threads:
  0x00002aac7413c800 VMThread [stack: 0x00002aac7b808000,0x00002aac7b909000] [id=4672]
  0x00002aac74180000 WatcherThread [stack: 0x00002aac98404000,0x00002aac98505000] [id=4679]

VM state:synchronizing (normal execution)

VM Mutex/Monitor currently owned by a thread:  ([mutex/lock_event])
[0x00002aac74006520] Safepoint_lock - owner thread: 0x00002aac7413c800
[0x00002aac740065a0] Threads_lock - owner thread: 0x00002aac7413c800
[0x00002aac74006aa0] Heap_lock - owner thread: 0x00002aac742ca800

Heap
 PSYoungGen      total 123904K, used 123487K [0x00000000f5500000, 0x00000000fdd80000, 0x0000000100000000)
  eden space 117760K, 100% used [0x00000000f5500000,0x00000000fc800000,0x00000000fc800000)
  from space 6144K, 93% used [0x00000000fd780000,0x00000000fdd17fa0,0x00000000fdd80000)
  to   space 10752K, 0% used [0x00000000fc880000,0x00000000fc880000,0x00000000fd300000)
 ParOldGen       total 83456K, used 9348K [0x00000000e0000000, 0x00000000e5180000, 0x00000000f5500000)
  object space 83456K, 11% used [0x00000000e0000000,0x00000000e09213b0,0x00000000e5180000)
 PSPermGen       total 21504K, used 7060K [0x00000000d5a00000, 0x00000000d6f00000, 0x00000000e0000000)
  object space 21504K, 32% used [0x00000000d5a00000,0x00000000d60e5210,0x00000000d6f00000)

Card table byte_map: [0x00002aac718c4000,0x00002aac71a18000] byte_map_base: 0x00002aac71217000

Polling page: 0x00002aac6e3fb000

Code Cache  [0x00002aac78000000, 0x00002aac78270000, 0x00002aac7b000000)
 total_blobs=845 nmethods=607 adapters=192 free_code_cache=47094Kb largest_free_block=48157056

Compilation events (10 events):
Event: 5.688 Thread 0x00002aac74173000 nmethod 629 0x00002aac78200850 code [0x00002aac782009a0, 0x00002aac78200a48]
Event: 5.688 Thread 0x00002aac74173000  630             com.google.common.collect.RegularImmutableList::copyIntoArray (24 bytes)
Event: 5.691 Thread 0x00002aac74173000 nmethod 630 0x00002aac782003d0 code [0x00002aac78200520, 0x00002aac782006d8]
Event: 5.691 Thread 0x00002aac74173000  631             com.google.common.collect.ImmutableCollection::toArray (27 bytes)
Event: 5.695 Thread 0x00002aac74173000 nmethod 631 0x00002aac78091610 code [0x00002aac78091780, 0x00002aac780919b8]
Event: 5.695 Thread 0x00002aac74173000  632             java.util.concurrent.locks.AbstractOwnableSynchronizer::getExclusiveOwnerThread (5 bytes)
Event: 5.696 Thread 0x00002aac74173000 nmethod 632 0x00002aac78091410 code [0x00002aac78091540, 0x00002aac78091598]
Event: 5.696 Thread 0x00002aac74173000  633             org.jf.dexlib2.dexbacked.DexBackedField::skipFields (22 bytes)
Event: 5.702 Thread 0x00002aac74173000 nmethod 633 0x00002aac78090e10 code [0x00002aac78090f60, 0x00002aac78091218]
Event: 5.724 Thread 0x00002aac74173000  634   !         org.jf.baksmali.Adaptors.ClassDefinition::findFieldsSetInStaticConstructor (235 bytes)

GC Heap History (10 events):
Event: 1.205 GC heap before
{Heap before GC invocations=2 (full 0):
 PSYoungGen      total 36864K, used 36847K [0x00000000f5500000, 0x00000000f9d00000, 0x0000000100000000)
  eden space 31744K, 100% used [0x00000000f5500000,0x00000000f7400000,0x00000000f7400000)
  from space 5120K, 99% used [0x00000000f7400000,0x00000000f78fbf70,0x00000000f7900000)
  to   space 5120K, 0% used [0x00000000f9800000,0x00000000f9800000,0x00000000f9d00000)
 ParOldGen       total 83456K, used 3140K [0x00000000e0000000, 0x00000000e5180000, 0x00000000f5500000)
  object space 83456K, 3% used [0x00000000e0000000,0x00000000e03112d0,0x00000000e5180000)
 PSPermGen       total 21504K, used 6836K [0x00000000d5a00000, 0x00000000d6f00000, 0x00000000e0000000)
  object space 21504K, 31% used [0x00000000d5a00000,0x00000000d60ad008,0x00000000d6f00000)
Event: 1.210 GC heap after
Heap after GC invocations=2 (full 0):
 PSYoungGen      total 68608K, used 5103K [0x00000000f5500000, 0x00000000f9d00000, 0x0000000100000000)
  eden space 63488K, 0% used [0x00000000f5500000,0x00000000f5500000,0x00000000f9300000)
  from space 5120K, 99% used [0x00000000f9800000,0x00000000f9cfbf90,0x00000000f9d00000)
  to   space 5120K, 0% used [0x00000000f9300000,0x00000000f9300000,0x00000000f9800000)
 ParOldGen       total 83456K, used 3308K [0x00000000e0000000, 0x00000000e5180000, 0x00000000f5500000)
  object space 83456K, 3% used [0x00000000e0000000,0x00000000e033b310,0x00000000e5180000)
 PSPermGen       total 21504K, used 6836K [0x00000000d5a00000, 0x00000000d6f00000, 0x00000000e0000000)
  object space 21504K, 31% used [0x00000000d5a00000,0x00000000d60ad008,0x00000000d6f00000)
}
Event: 2.159 GC heap before
{Heap before GC invocations=3 (full 0):
 PSYoungGen      total 68608K, used 68591K [0x00000000f5500000, 0x00000000f9d00000, 0x0000000100000000)
  eden space 63488K, 100% used [0x00000000f5500000,0x00000000f9300000,0x00000000f9300000)
  from space 5120K, 99% used [0x00000000f9800000,0x00000000f9cfbf90,0x00000000f9d00000)
  to   space 5120K, 0% used [0x00000000f9300000,0x00000000f9300000,0x00000000f9800000)
 ParOldGen       total 83456K, used 3308K [0x00000000e0000000, 0x00000000e5180000, 0x00000000f5500000)
  object space 83456K, 3% used [0x00000000e0000000,0x00000000e033b310,0x00000000e5180000)
 PSPermGen       total 21504K, used 6909K [0x00000000d5a00000, 0x00000000d6f00000, 0x00000000e0000000)
  object space 21504K, 32% used [0x00000000d5a00000,0x00000000d60bf448,0x00000000d6f00000)
Event: 2.168 GC heap after
Heap after GC invocations=3 (full 0):
 PSYoungGen      total 68608K, used 5119K [0x00000000f5500000, 0x00000000fdb00000, 0x0000000100000000)
  eden space 63488K, 0% used [0x00000000f5500000,0x00000000f5500000,0x00000000f9300000)
  from space 5120K, 99% used [0x00000000f9300000,0x00000000f97fffa0,0x00000000f9800000)
  to   space 5120K, 0% used [0x00000000fd600000,0x00000000fd600000,0x00000000fdb00000)
 ParOldGen       total 83456K, used 8388K [0x00000000e0000000, 0x00000000e5180000, 0x00000000f5500000)
  object space 83456K, 10% used [0x00000000e0000000,0x00000000e08312d0,0x00000000e5180000)
 PSPermGen       total 21504K, used 6909K [0x00000000d5a00000, 0x00000000d6f00000, 0x00000000e0000000)
  object space 21504K, 32% used [0x00000000d5a00000,0x00000000d60bf448,0x00000000d6f00000)
}
Event: 3.159 GC heap before
{Heap before GC invocations=4 (full 0):
 PSYoungGen      total 68608K, used 68607K [0x00000000f5500000, 0x00000000fdb00000, 0x0000000100000000)
  eden space 63488K, 100% used [0x00000000f5500000,0x00000000f9300000,0x00000000f9300000)
  from space 5120K, 99% used [0x00000000f9300000,0x00000000f97fffa0,0x00000000f9800000)
  to   space 5120K, 0% used [0x00000000fd600000,0x00000000fd600000,0x00000000fdb00000)
 ParOldGen       total 83456K, used 8388K [0x00000000e0000000, 0x00000000e5180000, 0x00000000f5500000)
  object space 83456K, 10% used [0x00000000e0000000,0x00000000e08312d0,0x00000000e5180000)
 PSPermGen       total 21504K, used 6954K [0x00000000d5a00000, 0x00000000d6f00000, 0x00000000e0000000)
  object space 21504K, 32% used [0x00000000d5a00000,0x00000000d60ca850,0x00000000d6f00000)
Event: 3.165 GC heap after
Heap after GC invocations=4 (full 0):
 PSYoungGen      total 132096K, used 5119K [0x00000000f5500000, 0x00000000fdb00000, 0x0000000100000000)
  eden space 126976K, 0% used [0x00000000f5500000,0x00000000f5500000,0x00000000fd100000)
  from space 5120K, 99% used [0x00000000fd600000,0x00000000fdafff80,0x00000000fdb00000)
  to   space 5120K, 0% used [0x00000000fd100000,0x00000000fd100000,0x00000000fd600000)
 ParOldGen       total 83456K, used 8836K [0x00000000e0000000, 0x00000000e5180000, 0x00000000f5500000)
  object space 83456K, 10% used [0x00000000e0000000,0x00000000e08a1350,0x00000000e5180000)
 PSPermGen       total 21504K, used 6954K [0x00000000d5a00000, 0x00000000d6f00000, 0x00000000e0000000)
  object space 21504K, 32% used [0x00000000d5a00000,0x00000000d60ca850,0x00000000d6f00000)
}
Event: 4.747 GC heap before
{Heap before GC invocations=5 (full 0):
 PSYoungGen      total 132096K, used 132095K [0x00000000f5500000, 0x00000000fdb00000, 0x0000000100000000)
  eden space 126976K, 100% used [0x00000000f5500000,0x00000000fd100000,0x00000000fd100000)
  from space 5120K, 99% used [0x00000000fd600000,0x00000000fdafff80,0x00000000fdb00000)
  to   space 5120K, 0% used [0x00000000fd100000,0x00000000fd100000,0x00000000fd600000)
 ParOldGen       total 83456K, used 8836K [0x00000000e0000000, 0x00000000e5180000, 0x00000000f5500000)
  object space 83456K, 10% used [0x00000000e0000000,0x00000000e08a1350,0x00000000e5180000)
 PSPermGen       total 21504K, used 7003K [0x00000000d5a00000, 0x00000000d6f00000, 0x00000000e0000000)
  object space 21504K, 32% used [0x00000000d5a00000,0x00000000d60d6c28,0x00000000d6f00000)
Event: 4.755 GC heap after
Heap after GC invocations=5 (full 0):
 PSYoungGen      total 127488K, used 5103K [0x00000000f5500000, 0x00000000fe280000, 0x0000000100000000)
  eden space 122368K, 0% used [0x00000000f5500000,0x00000000f5500000,0x00000000fcc80000)
  from space 5120K, 99% used [0x00000000fd100000,0x00000000fd5fbf70,0x00000000fd600000)
  to   space 11264K, 0% used [0x00000000fd780000,0x00000000fd780000,0x00000000fe280000)
 ParOldGen       total 83456K, used 9348K [0x00000000e0000000, 0x00000000e5180000, 0x00000000f5500000)
  object space 83456K, 11% used [0x00000000e0000000,0x00000000e09213b0,0x00000000e5180000)
 PSPermGen       total 21504K, used 7003K [0x00000000d5a00000, 0x00000000d6f00000, 0x00000000e0000000)
  object space 21504K, 32% used [0x00000000d5a00000,0x00000000d60d6c28,0x00000000d6f00000)
}
Event: 5.476 GC heap before
{Heap before GC invocations=6 (full 0):
 PSYoungGen      total 127488K, used 127471K [0x00000000f5500000, 0x00000000fe280000, 0x0000000100000000)
  eden space 122368K, 100% used [0x00000000f5500000,0x00000000fcc80000,0x00000000fcc80000)
  from space 5120K, 99% used [0x00000000fd100000,0x00000000fd5fbf70,0x00000000fd600000)
  to   space 11264K, 0% used [0x00000000fd780000,0x00000000fd780000,0x00000000fe280000)
 ParOldGen       total 83456K, used 9348K [0x00000000e0000000, 0x00000000e5180000, 0x00000000f5500000)
  object space 83456K, 11% used [0x00000000e0000000,0x00000000e09213b0,0x00000000e5180000)
 PSPermGen       total 21504K, used 7043K [0x00000000d5a00000, 0x00000000d6f00000, 0x00000000e0000000)
  object space 21504K, 32% used [0x00000000d5a00000,0x00000000d60e0db0,0x00000000d6f00000)
Event: 5.482 GC heap after
Heap after GC invocations=6 (full 0):
 PSYoungGen      total 123904K, used 5727K [0x00000000f5500000, 0x00000000fdd80000, 0x0000000100000000)
  eden space 117760K, 0% used [0x00000000f5500000,0x00000000f5500000,0x00000000fc800000)
  from space 6144K, 93% used [0x00000000fd780000,0x00000000fdd17fa0,0x00000000fdd80000)
  to   space 10752K, 0% used [0x00000000fc880000,0x00000000fc880000,0x00000000fd300000)
 ParOldGen       total 83456K, used 9348K [0x00000000e0000000, 0x00000000e5180000, 0x00000000f5500000)
  object space 83456K, 11% used [0x00000000e0000000,0x00000000e09213b0,0x00000000e5180000)
 PSPermGen       total 21504K, used 7043K [0x00000000d5a00000, 0x00000000d6f00000, 0x00000000e0000000)
  object space 21504K, 32% used [0x00000000d5a00000,0x00000000d60e0db0,0x00000000d6f00000)
}

Deoptimization events (10 events):
Event: 4.628 Thread 0x00002aac742c9000 Uncommon trap: reason=null_check action=make_not_entrant pc=0x00002aac780facc4 method=org.jf.dexlib2.util.ReferenceUtil.getReferenceString(Lorg/jf/dexlib2/iface/reference/Reference;Ljava/lang/String;)Ljava/lang/String; @ 100
Event: 4.781 Thread 0x00002aac742ca800 Uncommon trap: reason=bimorphic action=maybe_recompile pc=0x00002aac78091cb8 method=java.util.HashMap.put(Ljava/lang/Object;Ljava/lang/Object;)Ljava/lang/Object; @ 83
Event: 5.330 Thread 0x00002aac742cc000 Uncommon trap: reason=unstable_if action=reinterpret pc=0x00002aac7817d730 method=sun.misc.FloatingDecimal.dtoa(IJI)V @ 822
Event: 5.443 Thread 0x00002aac742cc000 Uncommon trap: reason=array_check action=maybe_recompile pc=0x00002aac781fb8b8 method=java.util.Arrays.fill([Ljava/lang/Object;Ljava/lang/Object;)V @ 13
Event: 5.443 Thread 0x00002aac742cc000 Uncommon trap: reason=array_check action=maybe_recompile pc=0x00002aac781fb8b8 method=java.util.Arrays.fill([Ljava/lang/Object;Ljava/lang/Object;)V @ 13
Event: 5.444 Thread 0x00002aac742cc000 Uncommon trap: reason=array_check action=maybe_recompile pc=0x00002aac781fb8b8 method=java.util.Arrays.fill([Ljava/lang/Object;Ljava/lang/Object;)V @ 13
Event: 5.444 Thread 0x00002aac742cc000 Uncommon trap: reason=array_check action=maybe_recompile pc=0x00002aac781fb8b8 method=java.util.Arrays.fill([Ljava/lang/Object;Ljava/lang/Object;)V @ 13
Event: 5.595 Thread 0x00002aac742c9000 Uncommon trap: reason=unstable_if action=reinterpret pc=0x00002aac781a5d04 method=org.jf.dexlib2.dexbacked.BaseDexReader.skipUleb128()V @ 51
Event: 5.633 Thread 0x00002aac742ca800 Uncommon trap: reason=null_check action=make_not_entrant pc=0x00002aac7820a2d4 method=org.jf.baksmali.Adaptors.EncodedValue.EncodedValueAdaptor.writeTo(Lorg/jf/util/IndentingWriter;Lorg/jf/dexlib2/iface/value/EncodedValue;Ljava/lang/String;)V @ 381
Event: 5.759 Thread 0x00002aac742ca800 Uncommon trap: reason=unstable_if action=reinterpret pc=0x00002aac781f65a0 method=sun.misc.FDBigInt.lshiftMe(I)V @ 89

Internal exceptions (10 events):
Event: 4.628 Thread 0x00002aac742c9000 Implicit null exception at 0x00002aac780f9ad2 to 0x00002aac780facb5
Event: 5.026 Thread 0x00002aac742ca800 Threw 0x00000000f7ab66b8 at /build/openjdk-7-65SuYz/openjdk-7-7u85-2.6.1/build/openjdk/hotspot/src/share/vm/prims/jvm.cpp:1322
Event: 5.026 Thread 0x00002aac742ca800 Threw 0x00000000f7ab95e0 at /build/openjdk-7-65SuYz/openjdk-7-7u85-2.6.1/build/openjdk/hotspot/src/share/vm/prims/jvm.cpp:1322
Event: 5.027 Thread 0x00002aac742ca800 Threw 0x00000000f7abcb80 at /build/openjdk-7-65SuYz/openjdk-7-7u85-2.6.1/build/openjdk/hotspot/src/share/vm/prims/jvm.cpp:1322
Event: 5.027 Thread 0x00002aac742ca800 Threw 0x00000000f7abf6c8 at /build/openjdk-7-65SuYz/openjdk-7-7u85-2.6.1/build/openjdk/hotspot/src/share/vm/prims/jvm.cpp:1322
Event: 5.446 Thread 0x00002aac742c9000 Threw 0x00000000fc39c3c8 at /build/openjdk-7-65SuYz/openjdk-7-7u85-2.6.1/build/openjdk/hotspot/src/share/vm/prims/jvm.cpp:1322
Event: 5.473 Thread 0x00002aac742cc000 Threw 0x00000000fcbc0ef0 at /build/openjdk-7-65SuYz/openjdk-7-7u85-2.6.1/build/openjdk/hotspot/src/share/vm/prims/jvm.cpp:1322
Event: 5.474 Thread 0x00002aac742cc000 Threw 0x00000000fcbc4280 at /build/openjdk-7-65SuYz/openjdk-7-7u85-2.6.1/build/openjdk/hotspot/src/share/vm/prims/jvm.cpp:1322
Event: 5.474 Thread 0x00002aac742cc000 Threw 0x00000000fcbc77e8 at /build/openjdk-7-65SuYz/openjdk-7-7u85-2.6.1/build/openjdk/hotspot/src/share/vm/prims/jvm.cpp:1322
Event: 5.633 Thread 0x00002aac742ca800 Implicit null exception at 0x00002aac782096bc to 0x00002aac7820a2bd

Events (10 events):
Event: 5.719 Executing VM operation: RevokeBias done
Event: 5.725 Executing VM operation: BulkRevokeBias
Event: 5.726 Executing VM operation: BulkRevokeBias done
Event: 5.727 Executing VM operation: RevokeBias
Event: 5.727 Executing VM operation: RevokeBias done
Event: 5.759 Thread 0x00002aac742ca800 Uncommon trap: trap_request=0xffffff75 fr.pc=0x00002aac781f65a0
Event: 5.759 Thread 0x00002aac742ca800 DEOPT PACKING pc=0x00002aac781f65a0 sp=0x00002aac99f83db0
Event: 5.759 Thread 0x00002aac742ca800 DEOPT UNPACKING pc=0x00002aac78039045 sp=0x00002aac99f83d70 mode 2
Event: 5.775 Executing VM operation: RevokeBias
Event: 5.777 Executing VM operation: RevokeBias done


Dynamic libraries:
00400000-00401000 r-xp 00000000 08:06 2361278                            /usr/lib/jvm/java-7-openjdk-amd64/jre/bin/java
00600000-00601000 r--p 00000000 08:06 2361278                            /usr/lib/jvm/java-7-openjdk-amd64/jre/bin/java
00601000-00602000 rw-p 00001000 08:06 2361278                            /usr/lib/jvm/java-7-openjdk-amd64/jre/bin/java
008b7000-008d8000 rw-p 00000000 00:00 0                                  [heap]
d5a00000-d6f00000 rw-p 00000000 00:00 0 
d6f00000-e0000000 rw-p 00000000 00:00 0 
e0000000-e5180000 rw-p 00000000 00:00 0 
e5180000-f5500000 rw-p 00000000 00:00 0 
f5500000-fdd80000 rw-p 00000000 00:00 0 
fdd80000-fe280000 ---p 00000000 00:00 0 
fe280000-100000000 rw-p 00000000 00:00 0 
2aac6e3d6000-2aac6e3f9000 r-xp 00000000 08:06 3277816                    /lib/x86_64-linux-gnu/ld-2.19.so
2aac6e3f9000-2aac6e3fb000 rw-p 00000000 00:00 0 
2aac6e3fb000-2aac6e3fc000 ---p 00000000 00:00 0 
2aac6e3fc000-2aac6e3fd000 rw-p 00000000 00:00 0 
2aac6e3fd000-2aac6e405000 rw-s 00000000 08:06 3409693                    /tmp/hsperfdata_yaphet/4666
2aac6e405000-2aac6e413000 rw-p 00000000 00:00 0 
2aac6e413000-2aac6e417000 r--s 00085000 08:06 2362163                    /usr/lib/jvm/java-7-openjdk-amd64/jre/lib/ext/localedata.jar
2aac6e417000-2aac6e418000 r--s 00002000 08:06 2362167                    /usr/lib/jvm/java-7-openjdk-amd64/jre/lib/ext/dnsns.jar
2aac6e418000-2aac6e419000 r--s 00216000 08:11 10241508                   /home/yaphet/patchrom/flyme/devices/f240/vendor/system/framework/services.jar
2aac6e419000-2aac6e41e000 rw-p 00000000 00:00 0 
2aac6e41e000-2aac6e421000 ---p 00000000 00:00 0 
2aac6e421000-2aac6e529000 rw-p 00000000 00:00 0                          [stack:4667]
2aac6e529000-2aac6e5df000 rw-p 00000000 00:00 0 
2aac6e5df000-2aac6e5e3000 r--s 00034000 08:06 2362165                    /usr/lib/jvm/java-7-openjdk-amd64/jre/lib/ext/sunjce_provider.jar
2aac6e5e3000-2aac6e5e6000 r--s 0000f000 08:06 2362164                    /usr/lib/jvm/java-7-openjdk-amd64/jre/lib/ext/icedtea-sound.jar
2aac6e5e6000-2aac6e5ea000 r--s 0003c000 08:06 2362166                    /usr/lib/jvm/java-7-openjdk-amd64/jre/lib/ext/sunpkcs11.jar
2aac6e5ea000-2aac6e5ec000 r--s 00012000 08:06 2362162                    /usr/lib/jvm/java-7-openjdk-amd64/jre/lib/ext/zipfs.jar
2aac6e5ec000-2aac6e5ee000 r--s 00006000 08:06 2631164                    /usr/share/java/java-atk-wrapper.jar
2aac6e5ee000-2aac6e5ef000 rw-p 00000000 00:00 0 
2aac6e5f8000-2aac6e5f9000 r--p 00022000 08:06 3277816                    /lib/x86_64-linux-gnu/ld-2.19.so
2aac6e5f9000-2aac6e5fa000 rw-p 00023000 08:06 3277816                    /lib/x86_64-linux-gnu/ld-2.19.so
2aac6e5fa000-2aac6e5fb000 rw-p 00000000 00:00 0 
2aac6e5fb000-2aac6e608000 r-xp 00000000 08:06 2362206                    /usr/lib/jvm/java-7-openjdk-amd64/jre/lib/amd64/jli/libjli.so
2aac6e608000-2aac6e807000 ---p 0000d000 08:06 2362206                    /usr/lib/jvm/java-7-openjdk-amd64/jre/lib/amd64/jli/libjli.so
2aac6e807000-2aac6e808000 r--p 0000c000 08:06 2362206                    /usr/lib/jvm/java-7-openjdk-amd64/jre/lib/amd64/jli/libjli.so
2aac6e808000-2aac6e809000 rw-p 0000d000 08:06 2362206                    /usr/lib/jvm/java-7-openjdk-amd64/jre/lib/amd64/jli/libjli.so
2aac6e809000-2aac6e9c4000 r-xp 00000000 08:06 3277840                    /lib/x86_64-linux-gnu/libc-2.19.so
2aac6e9c4000-2aac6ebc3000 ---p 001bb000 08:06 3277840                    /lib/x86_64-linux-gnu/libc-2.19.so
2aac6ebc3000-2aac6ebc7000 r--p 001ba000 08:06 3277840                    /lib/x86_64-linux-gnu/libc-2.19.so
2aac6ebc7000-2aac6ebc9000 rw-p 001be000 08:06 3277840                    /lib/x86_64-linux-gnu/libc-2.19.so
2aac6ebc9000-2aac6ebce000 rw-p 00000000 00:00 0 
2aac6ebce000-2aac6ebd1000 r-xp 00000000 08:06 3277793                    /lib/x86_64-linux-gnu/libdl-2.19.so
2aac6ebd1000-2aac6edd0000 ---p 00003000 08:06 3277793                    /lib/x86_64-linux-gnu/libdl-2.19.so
2aac6edd0000-2aac6edd1000 r--p 00002000 08:06 3277793                    /lib/x86_64-linux-gnu/libdl-2.19.so
2aac6edd1000-2aac6edd2000 rw-p 00003000 08:06 3277793                    /lib/x86_64-linux-gnu/libdl-2.19.so
2aac6edd2000-2aac6edeb000 r-xp 00000000 08:06 3277841                    /lib/x86_64-linux-gnu/libpthread-2.19.so
2aac6edeb000-2aac6efea000 ---p 00019000 08:06 3277841                    /lib/x86_64-linux-gnu/libpthread-2.19.so
2aac6efea000-2aac6efeb000 r--p 00018000 08:06 3277841                    /lib/x86_64-linux-gnu/libpthread-2.19.so
2aac6efeb000-2aac6efec000 rw-p 00019000 08:06 3277841                    /lib/x86_64-linux-gnu/libpthread-2.19.so
2aac6efec000-2aac6eff0000 rw-p 00000000 00:00 0 
2aac6eff0000-2aac6f008000 r-xp 00000000 08:06 3281189                    /lib/x86_64-linux-gnu/libz.so.1.2.8
2aac6f008000-2aac6f207000 ---p 00018000 08:06 3281189                    /lib/x86_64-linux-gnu/libz.so.1.2.8
2aac6f207000-2aac6f208000 r--p 00017000 08:06 3281189                    /lib/x86_64-linux-gnu/libz.so.1.2.8
2aac6f208000-2aac6f209000 rw-p 00018000 08:06 3281189                    /lib/x86_64-linux-gnu/libz.so.1.2.8
2aac6f209000-2aac6fd2d000 r-xp 00000000 08:06 2362197                    /usr/lib/jvm/java-7-openjdk-amd64/jre/lib/amd64/server/libjvm.so
2aac6fd2d000-2aac6ff2c000 ---p 00b24000 08:06 2362197                    /usr/lib/jvm/java-7-openjdk-amd64/jre/lib/amd64/server/libjvm.so
2aac6ff2c000-2aac6ffc6000 r--p 00b23000 08:06 2362197                    /usr/lib/jvm/java-7-openjdk-amd64/jre/lib/amd64/server/libjvm.so
2aac6ffc6000-2aac6ffe9000 rw-p 00bbd000 08:06 2362197                    /usr/lib/jvm/java-7-openjdk-amd64/jre/lib/amd64/server/libjvm.so
2aac6ffe9000-2aac70017000 rw-p 00000000 00:00 0 
2aac70017000-2aac700fd000 r-xp 00000000 08:06 2232428                    /usr/lib/x86_64-linux-gnu/libstdc++.so.6.0.19
2aac700fd000-2aac702fc000 ---p 000e6000 08:06 2232428                    /usr/lib/x86_64-linux-gnu/libstdc++.so.6.0.19
2aac702fc000-2aac70304000 r--p 000e5000 08:06 2232428                    /usr/lib/x86_64-linux-gnu/libstdc++.so.6.0.19
2aac70304000-2aac70306000 rw-p 000ed000 08:06 2232428                    /usr/lib/x86_64-linux-gnu/libstdc++.so.6.0.19
2aac70306000-2aac7031b000 rw-p 00000000 00:00 0 
2aac7031b000-2aac70420000 r-xp 00000000 08:06 3277789                    /lib/x86_64-linux-gnu/libm-2.19.so
2aac70420000-2aac7061f000 ---p 00105000 08:06 3277789                    /lib/x86_64-linux-gnu/libm-2.19.so
2aac7061f000-2aac70620000 r--p 00104000 08:06 3277789                    /lib/x86_64-linux-gnu/libm-2.19.so
2aac70620000-2aac70621000 rw-p 00105000 08:06 3277789                    /lib/x86_64-linux-gnu/libm-2.19.so
2aac70621000-2aac70637000 r-xp 00000000 08:06 3281052                    /lib/x86_64-linux-gnu/libgcc_s.so.1
2aac70637000-2aac70836000 ---p 00016000 08:06 3281052                    /lib/x86_64-linux-gnu/libgcc_s.so.1
2aac70836000-2aac70837000 rw-p 00015000 08:06 3281052                    /lib/x86_64-linux-gnu/libgcc_s.so.1
2aac70837000-2aac7083e000 r-xp 00000000 08:06 3277851                    /lib/x86_64-linux-gnu/librt-2.19.so
2aac7083e000-2aac70a3d000 ---p 00007000 08:06 3277851                    /lib/x86_64-linux-gnu/librt-2.19.so
2aac70a3d000-2aac70a3e000 r--p 00006000 08:06 3277851                    /lib/x86_64-linux-gnu/librt-2.19.so
2aac70a3e000-2aac70a3f000 rw-p 00007000 08:06 3277851                    /lib/x86_64-linux-gnu/librt-2.19.so
2aac70a3f000-2aac70a4f000 r-xp 00000000 08:06 2362205                    /usr/lib/jvm/java-7-openjdk-amd64/jre/lib/amd64/libverify.so
2aac70a4f000-2aac70c4e000 ---p 00010000 08:06 2362205                    /usr/lib/jvm/java-7-openjdk-amd64/jre/lib/amd64/libverify.so
2aac70c4e000-2aac70c50000 r--p 0000f000 08:06 2362205                    /usr/lib/jvm/java-7-openjdk-amd64/jre/lib/amd64/libverify.so
2aac70c50000-2aac70c51000 rw-p 00011000 08:06 2362205                    /usr/lib/jvm/java-7-openjdk-amd64/jre/lib/amd64/libverify.so
2aac70c51000-2aac70c7c000 r-xp 00000000 08:06 2362188                    /usr/lib/jvm/java-7-openjdk-amd64/jre/lib/amd64/libjava.so
2aac70c7c000-2aac70e7c000 ---p 0002b000 08:06 2362188                    /usr/lib/jvm/java-7-openjdk-amd64/jre/lib/amd64/libjava.so
2aac70e7c000-2aac70e7d000 r--p 0002b000 08:06 2362188                    /usr/lib/jvm/java-7-openjdk-amd64/jre/lib/amd64/libjava.so
2aac70e7d000-2aac70e7f000 rw-p 0002c000 08:06 2362188                    /usr/lib/jvm/java-7-openjdk-amd64/jre/lib/amd64/libjava.so
2aac70e7f000-2aac70e88000 r-xp 00000000 08:06 3277811                    /lib/x86_64-linux-gnu/libnss_compat-2.19.so
2aac70e88000-2aac71087000 ---p 00009000 08:06 3277811                    /lib/x86_64-linux-gnu/libnss_compat-2.19.so
2aac71087000-2aac71088000 r--p 00008000 08:06 3277811                    /lib/x86_64-linux-gnu/libnss_compat-2.19.so
2aac71088000-2aac71089000 rw-p 00009000 08:06 3277811                    /lib/x86_64-linux-gnu/libnss_compat-2.19.so
2aac71089000-2aac710a0000 r-xp 00000000 08:06 3277812                    /lib/x86_64-linux-gnu/libnsl-2.19.so
2aac710a0000-2aac7129f000 ---p 00017000 08:06 3277812                    /lib/x86_64-linux-gnu/libnsl-2.19.so
2aac7129f000-2aac712a0000 r--p 00016000 08:06 3277812                    /lib/x86_64-linux-gnu/libnsl-2.19.so
2aac712a0000-2aac712a1000 rw-p 00017000 08:06 3277812                    /lib/x86_64-linux-gnu/libnsl-2.19.so
2aac712a1000-2aac712a3000 rw-p 00000000 00:00 0 
2aac712a3000-2aac712ae000 r-xp 00000000 08:06 3277854                    /lib/x86_64-linux-gnu/libnss_nis-2.19.so
2aac712ae000-2aac714ad000 ---p 0000b000 08:06 3277854                    /lib/x86_64-linux-gnu/libnss_nis-2.19.so
2aac714ad000-2aac714ae000 r--p 0000a000 08:06 3277854                    /lib/x86_64-linux-gnu/libnss_nis-2.19.so
2aac714ae000-2aac714af000 rw-p 0000b000 08:06 3277854                    /lib/x86_64-linux-gnu/libnss_nis-2.19.so
2aac714af000-2aac714ba000 r-xp 00000000 08:06 3277790                    /lib/x86_64-linux-gnu/libnss_files-2.19.so
2aac714ba000-2aac716b9000 ---p 0000b000 08:06 3277790                    /lib/x86_64-linux-gnu/libnss_files-2.19.so
2aac716b9000-2aac716ba000 r--p 0000a000 08:06 3277790                    /lib/x86_64-linux-gnu/libnss_files-2.19.so
2aac716ba000-2aac716bb000 rw-p 0000b000 08:06 3277790                    /lib/x86_64-linux-gnu/libnss_files-2.19.so
2aac716bb000-2aac716c3000 r-xp 00000000 08:06 2362180                    /usr/lib/jvm/java-7-openjdk-amd64/jre/lib/amd64/libzip.so
2aac716c3000-2aac718c2000 ---p 00008000 08:06 2362180                    /usr/lib/jvm/java-7-openjdk-amd64/jre/lib/amd64/libzip.so
2aac718c2000-2aac718c3000 r--p 00007000 08:06 2362180                    /usr/lib/jvm/java-7-openjdk-amd64/jre/lib/amd64/libzip.so
2aac718c3000-2aac718c4000 rw-p 00008000 08:06 2362180                    /usr/lib/jvm/java-7-openjdk-amd64/jre/lib/amd64/libzip.so
2aac718c4000-2aac718cf000 rw-p 00000000 00:00 0 
2aac718cf000-2aac71917000 rw-p 00000000 00:00 0 
2aac71917000-2aac71940000 rw-p 00000000 00:00 0 
2aac71940000-2aac719c1000 rw-p 00000000 00:00 0 
2aac719c1000-2aac71a06000 rw-p 00000000 00:00 0 
2aac71a06000-2aac71a09000 ---p 00000000 00:00 0 
2aac71a09000-2aac71a17000 rw-p 00000000 00:00 0 
2aac71a17000-2aac71a41000 rw-p 00000000 00:00 0 
2aac71a41000-2aac71ac3000 rw-p 00000000 00:00 0 
2aac71ac3000-2aac71ace000 rw-p 00000000 00:00 0 
2aac71ace000-2aac71b16000 rw-p 00000000 00:00 0 
2aac71b16000-2aac71b17000 ---p 00000000 00:00 0 
2aac71b17000-2aac71c17000 rw-p 00000000 00:00 0                          [stack:4668]
2aac71c17000-2aac71c18000 ---p 00000000 00:00 0 
2aac71c18000-2aac71d18000 rw-p 00000000 00:00 0                          [stack:4669]
2aac71d18000-2aac71d19000 ---p 00000000 00:00 0 
2aac71d19000-2aac71e19000 rw-p 00000000 00:00 0                          [stack:4670]
2aac71e19000-2aac71e1a000 ---p 00000000 00:00 0 
2aac71e1a000-2aac7366e000 rw-p 00000000 00:00 0                          [stack:4671]
2aac7366e000-2aac73820000 r--s 01d30000 08:06 2362170                    /usr/lib/jvm/java-7-openjdk-amd64/jre/lib/rt.jar
2aac73820000-2aac73f70000 rw-p 00000000 00:00 0 
2aac73f70000-2aac73f9b000 r--s 005f8000 08:11 2883828                    /home/yaphet/patchrom/flyme/tools/reverses/apktool.jar
2aac74000000-2aac742d8000 rw-p 00000000 00:00 0 
2aac742d8000-2aac78000000 ---p 00000000 00:00 0 
2aac78000000-2aac78270000 rwxp 00000000 00:00 0 
2aac78270000-2aac7b000000 rw-p 00000000 00:00 0 
2aac7b000000-2aac7b808000 rw-p 00000000 00:00 0 
2aac7b808000-2aac7b809000 ---p 00000000 00:00 0 
2aac7b809000-2aac7b909000 rw-p 00000000 00:00 0                          [stack:4672]
2aac7b909000-2aac7b90c000 ---p 00000000 00:00 0 
2aac7b90c000-2aac7ba0a000 rw-p 00000000 00:00 0                          [stack:4673]
2aac7ba0a000-2aac7ba0d000 ---p 00000000 00:00 0 
2aac7ba0d000-2aac7bb0b000 rw-p 00000000 00:00 0                          [stack:4674]
2aac7bb0b000-2aac7bf78000 r--p 00000000 08:06 2235429                    /usr/lib/locale/locale-archive
2aac7c000000-2aac7c021000 rw-p 00000000 00:00 0 
2aac7c021000-2aac80000000 ---p 00000000 00:00 0 
2aac80000000-2aac80021000 rw-p 00000000 00:00 0 
2aac80021000-2aac84000000 ---p 00000000 00:00 0 
2aac84000000-2aac84021000 rw-p 00000000 00:00 0 
2aac84021000-2aac88000000 ---p 00000000 00:00 0 
2aac88000000-2aac88021000 rw-p 00000000 00:00 0 
2aac88021000-2aac8c000000 ---p 00000000 00:00 0 
2aac8c000000-2aac8c021000 rw-p 00000000 00:00 0 
2aac8c021000-2aac90000000 ---p 00000000 00:00 0 
2aac90000000-2aac90021000 rw-p 00000000 00:00 0 
2aac90021000-2aac94000000 ---p 00000000 00:00 0 
2aac94000000-2aac94021000 rw-p 00000000 00:00 0 
2aac94021000-2aac98000000 ---p 00000000 00:00 0 
2aac98000000-2aac98003000 ---p 00000000 00:00 0 
2aac98003000-2aac98101000 rw-p 00000000 00:00 0                          [stack:4675]
2aac98101000-2aac98104000 ---p 00000000 00:00 0 
2aac98104000-2aac98202000 rw-p 00000000 00:00 0                          [stack:4676]
2aac98202000-2aac98205000 ---p 00000000 00:00 0 
2aac98205000-2aac98303000 rw-p 00000000 00:00 0                          [stack:4677]
2aac98303000-2aac98306000 ---p 00000000 00:00 0 
2aac98306000-2aac98404000 rw-p 00000000 00:00 0                          [stack:4678]
2aac98404000-2aac98405000 ---p 00000000 00:00 0 
2aac98405000-2aac98505000 rw-p 00000000 00:00 0                          [stack:4679]
2aac98505000-2aac98515000 r-xp 00000000 08:06 2362176                    /usr/lib/jvm/java-7-openjdk-amd64/jre/lib/amd64/libnio.so
2aac98515000-2aac98715000 ---p 00010000 08:06 2362176                    /usr/lib/jvm/java-7-openjdk-amd64/jre/lib/amd64/libnio.so
2aac98715000-2aac98716000 r--p 00010000 08:06 2362176                    /usr/lib/jvm/java-7-openjdk-amd64/jre/lib/amd64/libnio.so
2aac98716000-2aac98717000 rw-p 00011000 08:06 2362176                    /usr/lib/jvm/java-7-openjdk-amd64/jre/lib/amd64/libnio.so
2aac98717000-2aac9872e000 r-xp 00000000 08:06 2362209                    /usr/lib/jvm/java-7-openjdk-amd64/jre/lib/amd64/libnet.so
2aac9872e000-2aac9892d000 ---p 00017000 08:06 2362209                    /usr/lib/jvm/java-7-openjdk-amd64/jre/lib/amd64/libnet.so
2aac9892d000-2aac9892e000 r--p 00016000 08:06 2362209                    /usr/lib/jvm/java-7-openjdk-amd64/jre/lib/amd64/libnet.so
2aac9892e000-2aac9892f000 rw-p 00017000 08:06 2362209                    /usr/lib/jvm/java-7-openjdk-amd64/jre/lib/amd64/libnet.so
2aac9892f000-2aac98a9b000 r-xp 00000000 08:06 2237533                    /usr/lib/x86_64-linux-gnu/libgio-2.0.so.0.4002.0
2aac98a9b000-2aac98c9a000 ---p 0016c000 08:06 2237533                    /usr/lib/x86_64-linux-gnu/libgio-2.0.so.0.4002.0
2aac98c9a000-2aac98c9e000 r--p 0016b000 08:06 2237533                    /usr/lib/x86_64-linux-gnu/libgio-2.0.so.0.4002.0
2aac98c9e000-2aac98ca0000 rw-p 0016f000 08:06 2237533                    /usr/lib/x86_64-linux-gnu/libgio-2.0.so.0.4002.0
2aac98ca0000-2aac98ca2000 rw-p 00000000 00:00 0 
2aac98ca2000-2aac98cf1000 r-xp 00000000 08:06 2237573                    /usr/lib/x86_64-linux-gnu/libgobject-2.0.so.0.4002.0
2aac98cf1000-2aac98ef1000 ---p 0004f000 08:06 2237573                    /usr/lib/x86_64-linux-gnu/libgobject-2.0.so.0.4002.0
2aac98ef1000-2aac98ef2000 r--p 0004f000 08:06 2237573                    /usr/lib/x86_64-linux-gnu/libgobject-2.0.so.0.4002.0
2aac98ef2000-2aac98ef3000 rw-p 00050000 08:06 2237573                    /usr/lib/x86_64-linux-gnu/libgobject-2.0.so.0.4002.0
2aac98ef3000-2aac98ff9000 r-xp 00000000 08:06 3281056                    /lib/x86_64-linux-gnu/libglib-2.0.so.0.4002.0
2aac98ff9000-2aac991f8000 ---p 00106000 08:06 3281056                    /lib/x86_64-linux-gnu/libglib-2.0.so.0.4002.0
2aac991f8000-2aac991f9000 r--p 00105000 08:06 3281056                    /lib/x86_64-linux-gnu/libglib-2.0.so.0.4002.0
2aac991f9000-2aac991fa000 rw-p 00106000 08:06 3281056                    /lib/x86_64-linux-gnu/libglib-2.0.so.0.4002.0
2aac991fa000-2aac991fb000 rw-p 00000000 00:00 0 
2aac991fb000-2aac991fe000 r-xp 00000000 08:06 2237549                    /usr/lib/x86_64-linux-gnu/libgmodule-2.0.so.0.4002.0
2aac991fe000-2aac993fd000 ---p 00003000 08:06 2237549                    /usr/lib/x86_64-linux-gnu/libgmodule-2.0.so.0.4002.0
2aac993fd000-2aac993fe000 r--p 00002000 08:06 2237549                    /usr/lib/x86_64-linux-gnu/libgmodule-2.0.so.0.4002.0
2aac993fe000-2aac993ff000 rw-p 00003000 08:06 2237549                    /usr/lib/x86_64-linux-gnu/libgmodule-2.0.so.0.4002.0
2aac993ff000-2aac9941f000 r-xp 00000000 08:06 3281156                    /lib/x86_64-linux-gnu/libselinux.so.1
2aac9941f000-2aac9961e000 ---p 00020000 08:06 3281156                    /lib/x86_64-linux-gnu/libselinux.so.1
2aac9961e000-2aac9961f000 r--p 0001f000 08:06 3281156                    /lib/x86_64-linux-gnu/libselinux.so.1
2aac9961f000-2aac99620000 rw-p 00020000 08:06 3281156                    /lib/x86_64-linux-gnu/libselinux.so.1
2aac99620000-2aac99622000 rw-p 00000000 00:00 0 
2aac99622000-2aac99639000 r-xp 00000000 08:06 3276829                    /lib/x86_64-linux-gnu/libresolv-2.19.so
2aac99639000-2aac99839000 ---p 00017000 08:06 3276829                    /lib/x86_64-linux-gnu/libresolv-2.19.so
2aac99839000-2aac9983a000 r--p 00017000 08:06 3276829                    /lib/x86_64-linux-gnu/libresolv-2.19.so
2aac9983a000-2aac9983b000 rw-p 00018000 08:06 3276829                    /lib/x86_64-linux-gnu/libresolv-2.19.so
2aac9983b000-2aac9983d000 rw-p 00000000 00:00 0 
2aac9983d000-2aac99844000 r-xp 00000000 08:06 2237415                    /usr/lib/x86_64-linux-gnu/libffi.so.6.0.1
2aac99844000-2aac99a43000 ---p 00007000 08:06 2237415                    /usr/lib/x86_64-linux-gnu/libffi.so.6.0.1
2aac99a43000-2aac99a44000 r--p 00006000 08:06 2237415                    /usr/lib/x86_64-linux-gnu/libffi.so.6.0.1
2aac99a44000-2aac99a45000 rw-p 00007000 08:06 2237415                    /usr/lib/x86_64-linux-gnu/libffi.so.6.0.1
2aac99a45000-2aac99a82000 r-xp 00000000 08:06 3281079                    /lib/x86_64-linux-gnu/libpcre.so.3.13.1
2aac99a82000-2aac99c81000 ---p 0003d000 08:06 3281079                    /lib/x86_64-linux-gnu/libpcre.so.3.13.1
2aac99c81000-2aac99c82000 r--p 0003c000 08:06 3281079                    /lib/x86_64-linux-gnu/libpcre.so.3.13.1
2aac99c82000-2aac99c83000 rw-p 0003d000 08:06 3281079                    /lib/x86_64-linux-gnu/libpcre.so.3.13.1
2aac99c83000-2aac99c86000 ---p 00000000 00:00 0 
2aac99c86000-2aac99d84000 rw-p 00000000 00:00 0                          [stack:4680]
2aac99d84000-2aac99d87000 ---p 00000000 00:00 0 
2aac99d87000-2aac99e85000 rw-p 00000000 00:00 0                          [stack:4681]
2aac99e85000-2aac99e88000 ---p 00000000 00:00 0 
2aac99e88000-2aac99f86000 rw-p 00000000 00:00 0                          [stack:4682]
2aac99f86000-2aac99f89000 ---p 00000000 00:00 0 
2aac99f89000-2aac9a087000 rw-p 00000000 00:00 0                          [stack:4683]
2aac9c000000-2aac9c021000 rw-p 00000000 00:00 0 
2aac9c021000-2aaca0000000 ---p 00000000 00:00 0 
2aaca0000000-2aaca10f7000 rw-p 00000000 00:00 0 
2aaca10f7000-2aaca4000000 ---p 00000000 00:00 0 
2aaca4000000-2aaca526c000 rw-p 00000000 00:00 0 
2aaca526c000-2aaca8000000 ---p 00000000 00:00 0 
2aaca8000000-2aaca8021000 rw-p 00000000 00:00 0 
2aaca8021000-2aacac000000 ---p 00000000 00:00 0 
2aacac000000-2aacac021000 rw-p 00000000 00:00 0 
2aacac021000-2aacb0000000 ---p 00000000 00:00 0 
2aacb0000000-2aacb0021000 rw-p 00000000 00:00 0 
2aacb0021000-2aacb4000000 ---p 00000000 00:00 0 
2aacb4000000-2aacb4048000 rw-p 00000000 00:00 0 
2aacb4048000-2aacb8000000 ---p 00000000 00:00 0 
2aacb8000000-2aacb8036000 rw-p 00000000 00:00 0 
2aacb8036000-2aacbc000000 ---p 00000000 00:00 0 
2aacbc000000-2aacbc029000 rw-p 00000000 00:00 0 
2aacbc029000-2aacc0000000 ---p 00000000 00:00 0 
7fff504f0000-7fff50511000 rw-p 00000000 00:00 0                          [stack]
7fff505da000-7fff505dc000 r-xp 00000000 00:00 0                          [vdso]
ffffffffff600000-ffffffffff601000 r-xp 00000000 00:00 0                  [vsyscall]

VM Arguments:
jvm_args: -Xmx512M 
java_command: /home/yaphet/patchrom/flyme/tools/reverses/apktool.jar d -t vendor_f240 vendor/system/framework/services.jar -o /home/yaphet/patchrom/flyme/devices/f240/services.jar.out
Launcher Type: SUN_STANDARD

Environment Variables:
PATH=/home/yaphet/patchrom/flyme/tools:/usr/local/sbin:/usr/local/bin:/usr/sbin:/usr/bin:/sbin:/bin:/usr/games:/usr/local/games
USERNAME=yaphet
LD_LIBRARY_PATH=/home/yaphet/patchrom/flyme/build/lib/dvm_27:/home/yaphet/patchrom/flyme/build/lib:/home/yaphet/patchrom/flyme/build/lib/:
SHELL=/bin/bash
DISPLAY=:0

Signal Handlers:
SIGSEGV: [libjvm.so+0x954820], sa_mask[0]=0x7ffbfeff, sa_flags=0x10000004
SIGBUS: [libjvm.so+0x954820], sa_mask[0]=0x7ffbfeff, sa_flags=0x10000004
SIGFPE: [libjvm.so+0x7cb150], sa_mask[0]=0x7ffbfeff, sa_flags=0x10000004
SIGPIPE: [libjvm.so+0x7cb150], sa_mask[0]=0x7ffbfeff, sa_flags=0x10000004
SIGXFSZ: [libjvm.so+0x7cb150], sa_mask[0]=0x7ffbfeff, sa_flags=0x10000004
SIGILL: [libjvm.so+0x7cb150], sa_mask[0]=0x7ffbfeff, sa_flags=0x10000004
SIGUSR1: SIG_DFL, sa_mask[0]=0x00000000, sa_flags=0x00000000
SIGUSR2: [libjvm.so+0x7caff0], sa_mask[0]=0x00000000, sa_flags=0x10000004
SIGHUP: [libjvm.so+0x7cb1d0], sa_mask[0]=0x7ffbfeff, sa_flags=0x10000004
SIGINT: [libjvm.so+0x7cb1d0], sa_mask[0]=0x7ffbfeff, sa_flags=0x10000004
SIGTERM: [libjvm.so+0x7cb1d0], sa_mask[0]=0x7ffbfeff, sa_flags=0x10000004
SIGQUIT: [libjvm.so+0x7cb1d0], sa_mask[0]=0x7ffbfeff, sa_flags=0x10000004
SIGTRAP: SIG_DFL, sa_mask[0]=0x00000000, sa_flags=0x00000000


---------------  S Y S T E M  ---------------

OS:LinuxMint 17.1 (rebecca)
uname:Linux 3.13.0-37-generic #64-Ubuntu SMP Mon Sep 22 21:28:38 UTC 2014 x86_64
libc:glibc 2.19 NPTL 2.19 
rlimit: STACK infinity, CORE 0k, NPROC 62540, NOFILE 4096, AS infinity
load average:3.48 1.64 0.90

/proc/meminfo:
MemTotal:        8036320 kB
MemFree:          598324 kB
Buffers:           32716 kB
Cached:          5821252 kB
SwapCached:         2552 kB
Active:          2598052 kB
Inactive:        4254692 kB
Active(anon):     614364 kB
Inactive(anon):   401340 kB
Active(file):    1983688 kB
Inactive(file):  3853352 kB
Unevictable:           0 kB
Mlocked:               0 kB
SwapTotal:       4000764 kB
SwapFree:        3974828 kB
Dirty:             47364 kB
Writeback:             0 kB
AnonPages:        996764 kB
Mapped:           122836 kB
Shmem:             16388 kB
Slab:             475404 kB
SReclaimable:     441320 kB
SUnreclaim:        34084 kB
KernelStack:        3544 kB
PageTables:        22068 kB
NFS_Unstable:          0 kB
Bounce:                0 kB
WritebackTmp:          0 kB
CommitLimit:     8018924 kB
Committed_AS:    2865924 kB
VmallocTotal:   34359738367 kB
VmallocUsed:      335228 kB
VmallocChunk:   34359348308 kB
HardwareCorrupted:     0 kB
AnonHugePages:    413696 kB
HugePages_Total:       0
HugePages_Free:        0
HugePages_Rsvd:        0
HugePages_Surp:        0
Hugepagesize:       2048 kB
DirectMap4k:       70904 kB
DirectMap2M:     8177664 kB


CPU:total 4 (2 cores per cpu, 2 threads per core) family 6 model 37 stepping 5, cmov, cx8, fxsr, mmx, sse, sse2, sse3, ssse3, sse4.1, sse4.2, popcnt, ht, tsc, tscinvbit

/proc/cpuinfo:
processor	: 0
vendor_id	: GenuineIntel
cpu family	: 6
model		: 37
model name	: Intel(R) Core(TM) i3 CPU       M 380  @ 2.53GHz
stepping	: 5
microcode	: 0x2
cpu MHz		: 933.000
cache size	: 3072 KB
physical id	: 0
siblings	: 4
core id		: 0
cpu cores	: 2
apicid		: 0
initial apicid	: 0
fpu		: yes
fpu_exception	: yes
cpuid level	: 11
wp		: yes
flags		: fpu vme de pse tsc msr pae mce cx8 apic sep mtrr pge mca cmov pat pse36 clflush dts acpi mmx fxsr sse sse2 ss ht tm pbe syscall nx rdtscp lm constant_tsc arch_perfmon pebs bts rep_good nopl xtopology nonstop_tsc aperfmperf pni dtes64 monitor ds_cpl vmx est tm2 ssse3 cx16 xtpr pdcm pcid sse4_1 sse4_2 popcnt lahf_lm arat dtherm tpr_shadow vnmi flexpriority ept vpid
bogomips	: 5055.04
clflush size	: 64
cache_alignment	: 64
address sizes	: 36 bits physical, 48 bits virtual
power management:

processor	: 1
vendor_id	: GenuineIntel
cpu family	: 6
model		: 37
model name	: Intel(R) Core(TM) i3 CPU       M 380  @ 2.53GHz
stepping	: 5
microcode	: 0x2
cpu MHz		: 933.000
cache size	: 3072 KB
physical id	: 0
siblings	: 4
core id		: 0
cpu cores	: 2
apicid		: 1
initial apicid	: 1
fpu		: yes
fpu_exception	: yes
cpuid level	: 11
wp		: yes
flags		: fpu vme de pse tsc msr pae mce cx8 apic sep mtrr pge mca cmov pat pse36 clflush dts acpi mmx fxsr sse sse2 ss ht tm pbe syscall nx rdtscp lm constant_tsc arch_perfmon pebs bts rep_good nopl xtopology nonstop_tsc aperfmperf pni dtes64 monitor ds_cpl vmx est tm2 ssse3 cx16 xtpr pdcm pcid sse4_1 sse4_2 popcnt lahf_lm arat dtherm tpr_shadow vnmi flexpriority ept vpid
bogomips	: 5055.04
clflush size	: 64
cache_alignment	: 64
address sizes	: 36 bits physical, 48 bits virtual
power management:

processor	: 2
vendor_id	: GenuineIntel
cpu family	: 6
model		: 37
model name	: Intel(R) Core(TM) i3 CPU       M 380  @ 2.53GHz
stepping	: 5
microcode	: 0x2
cpu MHz		: 2533.000
cache size	: 3072 KB
physical id	: 0
siblings	: 4
core id		: 2
cpu cores	: 2
apicid		: 4
initial apicid	: 4
fpu		: yes
fpu_exception	: yes
cpuid level	: 11
wp		: yes
flags		: fpu vme de pse tsc msr pae mce cx8 apic sep mtrr pge mca cmov pat pse36 clflush dts acpi mmx fxsr sse sse2 ss ht tm pbe syscall nx rdtscp lm constant_tsc arch_perfmon pebs bts rep_good nopl xtopology nonstop_tsc aperfmperf pni dtes64 monitor ds_cpl vmx est tm2 ssse3 cx16 xtpr pdcm pcid sse4_1 sse4_2 popcnt lahf_lm arat dtherm tpr_shadow vnmi flexpriority ept vpid
bogomips	: 5055.04
clflush size	: 64
cache_alignment	: 64
address sizes	: 36 bits physical, 48 bits virtual
power management:

processor	: 3
vendor_id	: GenuineIntel
cpu family	: 6
model		: 37
model name	: Intel(R) Core(TM) i3 CPU       M 380  @ 2.53GHz
stepping	: 5
microcode	: 0x2
cpu MHz		: 2533.000
cache size	: 3072 KB
physical id	: 0
siblings	: 4
core id		: 2
cpu cores	: 2
apicid		: 5
initial apicid	: 5
fpu		: yes
fpu_exception	: yes
cpuid level	: 11
wp		: yes
flags		: fpu vme de pse tsc msr pae mce cx8 apic sep mtrr pge mca cmov pat pse36 clflush dts acpi mmx fxsr sse sse2 ss ht tm pbe syscall nx rdtscp lm constant_tsc arch_perfmon pebs bts rep_good nopl xtopology nonstop_tsc aperfmperf pni dtes64 monitor ds_cpl vmx est tm2 ssse3 cx16 xtpr pdcm pcid sse4_1 sse4_2 popcnt lahf_lm arat dtherm tpr_shadow vnmi flexpriority ept vpid
bogomips	: 5055.04
clflush size	: 64
cache_alignment	: 64
address sizes	: 36 bits physical, 48 bits virtual
power management:



Memory: 4k page, physical 8036320k(598324k free), swap 4000764k(3974828k free)

vm_info: OpenJDK 64-Bit Server VM (24.85-b03) for linux-amd64 JRE (1.7.0_85-b01), built on Oct 22 2015 06:46:50 by "buildd" with gcc 4.8.2

time: Mon Nov  9 18:29:20 2015
elapsed time: 6 seconds

